17:37:38.511 [main] INFO  testCases.TestCase_003_EnterpriseValidation - ------Verify message for invalid details thrown successfully------
17:37:39.411 [main] INFO  testCases.TestCase_003_EnterpriseValidation - ------Courses for Campus form with invalid details(phone) are filled successfully------
17:37:49.824 [main] INFO  testCases.TestCase_003_EnterpriseValidation - ------Verify message for invalid details thrown successfully------
17:37:50.717 [main] INFO  testCases.TestCase_003_EnterpriseValidation - ------Courses for Campus form with valid details are filled successfully------
17:38:07.796 [main] INFO  testCases.TestCase_003_EnterpriseValidation - ------Verify message for valid details are captured successfully------
17:38:12.376 [main] INFO  testBase.baseClass - closing the browser
17:42:53.485 [main] INFO  testCases.TestCase_001_WebDevelopmentValidation - ------Coursera home page successfully------
17:43:01.034 [main] INFO  testCases.TestCase_001_WebDevelopmentValidation - ------Entered value WebDevelopment successfully------
17:43:05.634 [main] INFO  testCases.TestCase_001_WebDevelopmentValidation - ------Successfully clicked Language------
17:43:09.932 [main] INFO  testCases.TestCase_001_WebDevelopmentValidation - ------Successfully clicked Level------
17:43:22.011 [main] INFO  testCases.TestCase_001_WebDevelopmentValidation - ------Driver switched from Main page to First Course Page successfully------
17:43:26.113 [main] INFO  testCases.TestCase_001_WebDevelopmentValidation - ------First course name fetched successfully------
17:43:27.199 [main] INFO  testCases.TestCase_001_WebDevelopmentValidation - ------First Course Rating fetched successfully------
17:43:28.295 [main] INFO  testCases.TestCase_001_WebDevelopmentValidation - ------First Course Duration fetched successfully------
17:43:29.376 [main] INFO  testCases.TestCase_001_WebDevelopmentValidation - ------Driver switched from Main page to First Course Page and closed First course page closed successfully------
17:43:41.471 [main] INFO  testCases.TestCase_001_WebDevelopmentValidation - ------Driver switched from Main page to Second Course Page successfully------
17:43:45.572 [main] INFO  testCases.TestCase_001_WebDevelopmentValidation - ------Second course name fetched successfully------
17:43:46.680 [main] INFO  testCases.TestCase_001_WebDevelopmentValidation - ------Second course rating fetched successfully------
17:43:47.767 [main] INFO  testCases.TestCase_001_WebDevelopmentValidation - ------Second course duration fetched successfully------
17:43:48.841 [main] INFO  testCases.TestCase_001_WebDevelopmentValidation - ------Driver switched from Main page to Second Course Page and closed First course page closed successfully------
17:43:52.535 [main] INFO  testBase.baseClass - closing the browser
17:44:30.733 [main] INFO  testCases.TestCase_002_LanguageLearningValidation - ------Coursera home page validated successfully------
17:44:38.960 [main] INFO  testCases.TestCase_002_LanguageLearningValidation - ------Entered value WebDevelopment successfully------
17:44:44.202 [main] INFO  testCases.TestCase_002_LanguageLearningValidation - ------Languages list fetched successfully------
17:44:48.562 [main] INFO  testCases.TestCase_002_LanguageLearningValidation - ------Levels list fetched successfully------
17:44:51.393 [main] INFO  testBase.baseClass - closing the browser
17:45:28.564 [main] INFO  testCases.TestCase_003_EnterpriseValidation - ------Coursera home page validated successfully------
17:45:40.227 [main] INFO  testCases.TestCase_003_EnterpriseValidation - ------Enterprise page is opened successfully------
17:45:41.324 [main] INFO  testCases.TestCase_003_EnterpriseValidation - ------Courses for Campus form with invalid details (email) are filled successfully------
17:45:45.737 [main] INFO  testCases.TestCase_003_EnterpriseValidation - ------Verify message for invalid details thrown successfully------
17:45:46.491 [main] INFO  testCases.TestCase_003_EnterpriseValidation - ------Courses for Campus form with invalid details(phone) are filled successfully------
17:45:56.807 [main] INFO  testCases.TestCase_003_EnterpriseValidation - ------Verify message for invalid details thrown successfully------
17:45:57.532 [main] INFO  testCases.TestCase_003_EnterpriseValidation - ------Courses for Campus form with valid details are filled successfully------
17:46:14.202 [main] INFO  testCases.TestCase_003_EnterpriseValidation - ------Verify message for valid details are captured successfully------
17:46:17.818 [main] INFO  testBase.baseClass - closing the browser
17:46:54.851 [main] INFO  testCases.TestCase_001_WebDevelopmentValidation - ------Coursera home page successfully------
17:47:02.741 [main] INFO  testCases.TestCase_001_WebDevelopmentValidation - ------Entered value WebDevelopment successfully------
17:47:07.258 [main] INFO  testCases.TestCase_001_WebDevelopmentValidation - ------Successfully clicked Language------
